SMTVCESHI/app/proguard-project.txt
# 代码混淆压缩比，在0~7之间，默认为5，一般不做修改
-optimizationpasses 7

# 混合时不使用大小写混合，混合后的类名为小写
-dontusemixedcaseclassnames

# 指定外部模糊字典
-obfuscationdictionary proguard-dict-o0O.txt

# 指定class模糊字典
-classobfuscationdictionary proguard-dict-o0O.txt

# 指定package模糊字典
-packageobfuscationdictionary proguard-dict-o0O.txt


# 指定外部模糊字典
#-obfuscationdictionary proguard-dict-1il.txt

# 指定class模糊字典
#-classobfuscationdictionary proguard-dict-1il.txt

# 指定package模糊字典
#-packageobfuscationdictionary proguard-dict-1il.txt

-dontskipnonpubliclibraryclasses
-dontpreverify
-verbose
#-optimizations !code/simplification/arithmetic,!field/*,!class/merging/*
-optimizations !field/*,!class/merging/*

-keep public class * extends android.app.Activity
-keep public class * extends android.app.Application
-keep public class * extends android.app.Service
-keep public class * extends android.content.BroadcastReceiver
-keep public class * extends android.content.ContentProvider
-keep public class * extends android.app.backup.BackupAgentHelper
-keep public class * extends android.preference.Preference
-keep public class com.android.vending.licensing.ILicensingService

-keepclasseswithmembernames class * {
    native <methods>;
}

-keepclasseswithmembers class * {
    public <init>(android.content.Context, android.util.AttributeSet);
}

-keepclasseswithmembers class * {
    public <init>(android.content.Context, android.util.AttributeSet, int);
}

-keepclassmembers class * extends android.app.Activity {
   public void *(android.view.View);
}

-keepclassmembers enum * {
    public static **[] values();
    public static ** valueOf(java.lang.String);
}

-keep class * implements android.os.Parcelable {
  public static final android.os.Parcelable$Creator *;
}

-keepattributes Signature

#授权信息
-keep class com.shenma.tvlauncher.utils.Constant {*;}

#授权信息2
-keep class com.shenma.tvlauncher.utils.Rf {*;}

#防盗验证1
-keep class com.shenma.tvlauncher.utils.IO {*;}

#防盗验证2
-keep class com.shenma.tvlauncher.utils.Md5Encoder {*;}


#框架
-keep class com.shenma.tvlauncher.domain.** {*;}

#应用中心
-keep class com.shenma.tvlauncher.dao.bean.** {*;}

#直播类
-keep class com.shenma.tvlauncher.tvback.domain.** {*;}

#点播类
-keep class com.shenma.tvlauncher.vod.domain.** {*;}
-keep class com.shenma.tvlauncher.vod.db.** {*;}

#播放器
-keep class tv.danmaku.ijk.media.player.** {*;}

#接口
-keep class com.shenma.tvlauncher.Api

-dontwarn android.support.v4.**
-keep class android.support.v4.** {*;}

-dontwarn com.nostra13.universalimageloader.**
-keep class com.nostra13.universalimageloader.** {*;}

-dontwarn com.android.volley.**
-keep class com.android.volley.** {*;}

-dontwarn net.tsz.afinal.**
-keep class net.tsz.afinal.** {*;}

-dontwarn com.google.gson.**
-keep class com.google.gson.** {*;}

-dontwarn com.baidu.cyberplayer.**
-keep class com.baidu.cyberplayer.** {*;}

-dontwarn com.umeng.**
-keep class com.umeng.** {*;}

-dontwarn android.**
-keep class android.** {*;}

-dontwarn com.wepower.**
-keep class com.wepower.live.parser.** {*;}

-dontwarn com.lisen.**
-keep class com.lisen.** {*;}

-dontwarn net.sunniwell.android.httpserver.**
-keep class net.sunniwell.android.httpserver.** {*;}

-dontwarn org.apache.commons.fileupload.**
-keep class org.apache.commons.fileupload.** {*;}

##Glide
-dontwarn com.bumptech.glide.**
-keep class com.bumptech.glide.**{*;}
-keep public class * implements com.bumptech.glide.module.GlideModule
-keep public class * extends com.bumptech.glide.AppGlideModule
-keep public enum com.bumptech.glide.load.resource.bitmap.ImageHeaderParser$** {
  **[] $VALUES;
  public *;
}
#json相关
-keepattributes Signature
-keep class sun.misc.Unsafe { *; }
-keep class com.google.gson.examples.android.model.** { *; }
-keepclassmembers class * { public <init>(org.json.JSONObject); }

#okhttp
-dontwarn okhttp3.**
-keep class okhttp3.**{*;}

#okio
-dontwarn okio.**
-keep class okio.**{*;}



######################播放器混淆配置#########################
-keep class com.alivc.**{*;}
-keep class com.aliyun.**{*;}
-keep class com.cicada.**{*;}
-dontwarn com.alivc.**
-dontwarn com.aliyun.**
-dontwarn com.cicada.**

######################短视频混淆配置#########################
-keep class com.aliyun.**{*;}
-keep class com.duanqu.**{*;}
-keep class com.qu.**{*;}
-keep class com.alibaba.**{*;}
-keep class component.alivc.**{*;}
-keep class com.alivc.**{*;}
-keep class org.webrtc.**{*;}
-keep class org.ugsv.**{*;}

######################直播混淆配置#########################
-keep class com.alivc.** { *;}
-keep class com.aliyun.rts.network.* { *;}
-keep class org.webrtc.ali.** {*;}
-keep class org.webrtc.utils.** {*;}