SMTVCESHI/app/build/outputs/mapping/release/configuration.txt
# The proguard configuration file for the following section is default_proguard_files\global\proguard-android.txt-7.0.0
# This is a configuration file for ProGuard.
# http://proguard.sourceforge.net/index.html#manual/usage.html
#
# Starting with version 2.2 of the Android plugin for Gradle, this file is distributed together with
# the plugin and unpacked at build-time. The files in $ANDROID_HOME are no longer maintained and
# will be ignored by new version of the Android plugin for Gradle.

# Optimization is turned off by default. Dex does not like code run
# through the ProGuard optimize steps (and performs some
# of these optimizations on its own).
# Note that if you want to enable optimization, you cannot just
# include optimization flags in your own project configuration file;
# instead you will need to point to the
# "proguard-android-optimize.txt" file instead of this one from your
# project.properties file.
-dontoptimize

-dontusemixedcaseclassnames
-dontskipnonpubliclibraryclasses
-verbose

# Preserve some attributes that may be required for reflection.
-keepattributes *Annotation*,Signature,InnerClasses,EnclosingMethod

-keep public class com.google.vending.licensing.ILicensingService
-keep public class com.android.vending.licensing.ILicensingService
-keep public class com.google.android.vending.licensing.ILicensingService
-dontnote com.android.vending.licensing.ILicensingService
-dontnote com.google.vending.licensing.ILicensingService
-dontnote com.google.android.vending.licensing.ILicensingService

# For native methods, see http://proguard.sourceforge.net/manual/examples.html#native
-keepclasseswithmembernames,includedescriptorclasses class * {
    native <methods>;
}

# Keep setters in Views so that animations can still work.
-keepclassmembers public class * extends android.view.View {
    void set*(***);
    *** get*();
}

# We want to keep methods in Activity that could be used in the XML attribute onClick.
-keepclassmembers class * extends android.app.Activity {
    public void *(android.view.View);
}

# For enumeration classes, see http://proguard.sourceforge.net/manual/examples.html#enumerations
-keepclassmembers enum * {
    public static **[] values();
    public static ** valueOf(java.lang.String);
}

-keepclassmembers class * implements android.os.Parcelable {
    public static final ** CREATOR;
}

# Preserve annotated Javascript interface methods.
-keepclassmembers class * {
    @android.webkit.JavascriptInterface <methods>;
}

# The support libraries contains references to newer platform versions.
# Don't warn about those in case this app is linking against an older
# platform version. We know about them, and they are safe.
-dontnote android.support.**
-dontnote androidx.**
-dontwarn android.support.**
-dontwarn androidx.**

# This class is deprecated, but remains for backward compatibility.
-dontwarn android.util.FloatMath

# Understand the @Keep support annotation.
-keep class android.support.annotation.Keep
-keep class androidx.annotation.Keep

-keep @android.support.annotation.Keep class * {*;}
-keep @androidx.annotation.Keep class * {*;}

-keepclasseswithmembers class * {
    @android.support.annotation.Keep <methods>;
}

-keepclasseswithmembers class * {
    @androidx.annotation.Keep <methods>;
}

-keepclasseswithmembers class * {
    @android.support.annotation.Keep <fields>;
}

-keepclasseswithmembers class * {
    @androidx.annotation.Keep <fields>;
}

-keepclasseswithmembers class * {
    @android.support.annotation.Keep <init>(...);
}

-keepclasseswithmembers class * {
    @androidx.annotation.Keep <init>(...);
}

# These classes are duplicated between android.jar and org.apache.http.legacy.jar.
-dontnote org.apache.http.**
-dontnote android.net.http.**

# These classes are duplicated between android.jar and core-lambda-stubs.jar.
-dontnote java.lang.invoke.**

# End of content from default_proguard_files\global\proguard-android.txt-7.0.0
# The proguard configuration file for the following section is SMTVCESHI\app\proguard-project.txt
# 代码混淆压缩比，在0~7之间，默认为5，一般不做修改
-optimizationpasses 7

# 混合时不使用大小写混合，混合后的类名为小写
-dontusemixedcaseclassnames

# 指定外部模糊字典
-obfuscationdictionary proguard-dict-o0O.txt

# 指定class模糊字典
-classobfuscationdictionary proguard-dict-o0O.txt

# 指定package模糊字典
-packageobfuscationdictionary proguard-dict-o0O.txt


# 指定外部模糊字典
#-obfuscationdictionary proguard-dict-1il.txt

# 指定class模糊字典
#-classobfuscationdictionary proguard-dict-1il.txt

# 指定package模糊字典
#-packageobfuscationdictionary proguard-dict-1il.txt

-dontskipnonpubliclibraryclasses
-dontpreverify
-verbose
#-optimizations !code/simplification/arithmetic,!field/*,!class/merging/*
-optimizations !field/*,!class/merging/*

-keep public class * extends android.app.Activity
-keep public class * extends android.app.Application
-keep public class * extends android.app.Service
-keep public class * extends android.content.BroadcastReceiver
-keep public class * extends android.content.ContentProvider
-keep public class * extends android.app.backup.BackupAgentHelper
-keep public class * extends android.preference.Preference
-keep public class com.android.vending.licensing.ILicensingService

-keepclasseswithmembernames class * {
    native <methods>;
}

-keepclasseswithmembers class * {
    public <init>(android.content.Context, android.util.AttributeSet);
}

-keepclasseswithmembers class * {
    public <init>(android.content.Context, android.util.AttributeSet, int);
}

-keepclassmembers class * extends android.app.Activity {
   public void *(android.view.View);
}

-keepclassmembers enum * {
    public static **[] values();
    public static ** valueOf(java.lang.String);
}

-keep class * implements android.os.Parcelable {
  public static final android.os.Parcelable$Creator *;
}

-keepattributes Signature

#授权信息
-keep class com.shenma.tvlauncher.utils.Constant {*;}

#授权信息2
-keep class com.shenma.tvlauncher.utils.Rf {*;}

#防盗验证1
-keep class com.shenma.tvlauncher.utils.IO {*;}

#防盗验证2
-keep class com.shenma.tvlauncher.utils.Md5Encoder {*;}


#框架
-keep class com.shenma.tvlauncher.domain.** {*;}

#应用中心
-keep class com.shenma.tvlauncher.dao.bean.** {*;}

#直播类
-keep class com.shenma.tvlauncher.tvback.domain.** {*;}

#点播类
-keep class com.shenma.tvlauncher.vod.domain.** {*;}
-keep class com.shenma.tvlauncher.vod.db.** {*;}

#播放器
-keep class tv.danmaku.ijk.media.player.** {*;}

#接口
-keep class com.shenma.tvlauncher.Api

-dontwarn android.support.v4.**
-keep class android.support.v4.** {*;}

-dontwarn com.nostra13.universalimageloader.**
-keep class com.nostra13.universalimageloader.** {*;}

-dontwarn com.android.volley.**
-keep class com.android.volley.** {*;}

-dontwarn net.tsz.afinal.**
-keep class net.tsz.afinal.** {*;}

-dontwarn com.google.gson.**
-keep class com.google.gson.** {*;}

-dontwarn com.baidu.cyberplayer.**
-keep class com.baidu.cyberplayer.** {*;}

-dontwarn com.umeng.**
-keep class com.umeng.** {*;}

-dontwarn android.**
-keep class android.** {*;}

-dontwarn com.wepower.**
-keep class com.wepower.live.parser.** {*;}

-dontwarn com.lisen.**
-keep class com.lisen.** {*;}

-dontwarn net.sunniwell.android.httpserver.**
-keep class net.sunniwell.android.httpserver.** {*;}

-dontwarn org.apache.commons.fileupload.**
-keep class org.apache.commons.fileupload.** {*;}

##Glide
-dontwarn com.bumptech.glide.**
-keep class com.bumptech.glide.**{*;}
-keep public class * implements com.bumptech.glide.module.GlideModule
-keep public class * extends com.bumptech.glide.AppGlideModule
-keep public enum com.bumptech.glide.load.resource.bitmap.ImageHeaderParser$** {
  **[] $VALUES;
  public *;
}
#json相关
-keepattributes Signature
-keep class sun.misc.Unsafe { *; }
-keep class com.google.gson.examples.android.model.** { *; }
-keepclassmembers class * { public <init>(org.json.JSONObject); }

#okhttp
-dontwarn okhttp3.**
-keep class okhttp3.**{*;}

#okio
-dontwarn okio.**
-keep class okio.**{*;}



######################播放器混淆配置#########################
-keep class com.alivc.**{*;}
-keep class com.aliyun.**{*;}
-keep class com.cicada.**{*;}
-dontwarn com.alivc.**
-dontwarn com.aliyun.**
-dontwarn com.cicada.**

######################短视频混淆配置#########################
-keep class com.aliyun.**{*;}
-keep class com.duanqu.**{*;}
-keep class com.qu.**{*;}
-keep class com.alibaba.**{*;}
-keep class component.alivc.**{*;}
-keep class com.alivc.**{*;}
-keep class org.webrtc.**{*;}
-keep class org.ugsv.**{*;}

######################直播混淆配置#########################
-keep class com.alivc.** { *;}
-keep class com.aliyun.rts.network.* { *;}
-keep class org.webrtc.ali.** {*;}
-keep class org.webrtc.utils.** {*;}
# End of content from SMTVCESHI\app\proguard-project.txt
# The proguard configuration file for the following section is aapt_proguard_file\release\aapt_rules.txt
-keep class android.support.v4.app.CoreComponentFactory { <init>(); }
-keep class com.shenma.tvlauncher.AboutActivity { <init>(); }
-keep class com.shenma.tvlauncher.AppManageActivity { <init>(); }
-keep class com.shenma.tvlauncher.BaseActivity { <init>(); }
-keep class com.shenma.tvlauncher.ClearActivity { <init>(); }
-keep class com.shenma.tvlauncher.EmpowerActivity { <init>(); }
-keep class com.shenma.tvlauncher.HistoryActivity { <init>(); }
-keep class com.shenma.tvlauncher.HomeActivity { <init>(); }
-keep class com.shenma.tvlauncher.OtherActivity { <init>(); }
-keep class com.shenma.tvlauncher.SettingActActvity { <init>(); }
-keep class com.shenma.tvlauncher.SettingInvActivity { <init>(); }
-keep class com.shenma.tvlauncher.SettingPlayActivity { <init>(); }
-keep class com.shenma.tvlauncher.SettingRemoteActivity { <init>(); }
-keep class com.shenma.tvlauncher.SettingWallpaperActivity { <init>(); }
-keep class com.shenma.tvlauncher.SplashActivity { <init>(); }
-keep class com.shenma.tvlauncher.TopicActivity { <init>(); }
-keep class com.shenma.tvlauncher.TvStationActivity { <init>(); }
-keep class com.shenma.tvlauncher.UserActivity { <init>(); }
-keep class com.shenma.tvlauncher.application.MyApplication { <init>(); }
-keep class com.shenma.tvlauncher.tvback.TVBackActivity { <init>(); }
-keep class com.shenma.tvlauncher.tvlive.TVLivePlayer { <init>(); }
-keep class com.shenma.tvlauncher.view.JSONService { <init>(); }
-keep class com.shenma.tvlauncher.view.MyService { <init>(); }
-keep class com.shenma.tvlauncher.view.MyServices { <init>(); }
-keep class com.shenma.tvlauncher.vod.LivePlayerActivity { <init>(); }
-keep class com.shenma.tvlauncher.vod.SearchActivity { <init>(); }
-keep class com.shenma.tvlauncher.vod.VideoPlayerActivity { <init>(); }
-keep class com.shenma.tvlauncher.vod.VodDetailsActivity { <init>(); }
-keep class com.shenma.tvlauncher.vod.VodTypeActivity { <init>(); }
-keep class android.support.constraint.ConstraintLayout { <init>(android.content.Context, android.util.AttributeSet); }

-keep class android.support.constraint.Guideline { <init>(android.content.Context, android.util.AttributeSet); }

-keep class android.support.v4.view.ViewPager { <init>(android.content.Context, android.util.AttributeSet); }

-keep class android.support.v4.widget.NestedScrollView { <init>(android.content.Context, android.util.AttributeSet); }

-keep class com.baidu.cyberplayer.core.BVideoView { <init>(android.content.Context, android.util.AttributeSet); }

-keep class com.google.android.exoplayer2.ui.AspectRatioFrameLayout { <init>(android.content.Context, android.util.AttributeSet); }

-keep class com.google.android.exoplayer2.ui.DefaultTimeBar { <init>(android.content.Context, android.util.AttributeSet); }

-keep class com.google.android.exoplayer2.ui.SubtitleView { <init>(android.content.Context, android.util.AttributeSet); }

-keep class com.google.android.exoplayer2.ui.TrackSelectionView { <init>(android.content.Context, android.util.AttributeSet); }

-keep class com.shenma.tvlauncher.view.AlwaysMarqueeTextView { <init>(android.content.Context, android.util.AttributeSet); }

-keep class com.shenma.tvlauncher.view.PlayerProgressBar { <init>(android.content.Context, android.util.AttributeSet); }

-keep class com.shenma.tvlauncher.view.VideoView { <init>(android.content.Context, android.util.AttributeSet); }

-keep class com.shenma.tvlauncher.view.cornerlabelview.CornerLabelView { <init>(android.content.Context, android.util.AttributeSet); }

-keep class com.shenma.tvlauncher.view.shapeimageview.RoundedImageView { <init>(android.content.Context, android.util.AttributeSet); }

-keep class com.shenma.tvlauncher.view.smoothprogressbar.SmoothProgressBar { <init>(android.content.Context, android.util.AttributeSet); }

-keep class com.view.MarqueeTextView { <init>(android.content.Context, android.util.AttributeSet); }

-keep class com.view.ScrollTextView { <init>(android.content.Context, android.util.AttributeSet); }

-keep class tv.danmaku.ijk.media.example.widget.media.IjkVideoView { <init>(android.content.Context, android.util.AttributeSet); }


# End of content from aapt_proguard_file\release\aapt_rules.txt
# The proguard configuration file for the following section is transformed\exoplayer-dash-2.9.1\proguard.txt
# Proguard rules specific to the dash module.

# Constructors accessed via reflection in SegmentDownloadAction
-dontnote com.google.android.exoplayer2.source.dash.offline.DashDownloadAction
-keepclassmembers class com.google.android.exoplayer2.source.dash.offline.DashDownloadAction {
  static ** DESERIALIZER;
}

# End of content from transformed\exoplayer-dash-2.9.1\proguard.txt
# The proguard configuration file for the following section is transformed\exoplayer-hls-2.9.1\proguard.txt
# Proguard rules specific to the hls module.

# Constructors accessed via reflection in SegmentDownloadAction
-dontnote com.google.android.exoplayer2.source.hls.offline.HlsDownloadAction
-keepclassmembers class com.google.android.exoplayer2.source.hls.offline.HlsDownloadAction {
  static ** DESERIALIZER;
}

# End of content from transformed\exoplayer-hls-2.9.1\proguard.txt
# The proguard configuration file for the following section is transformed\exoplayer-smoothstreaming-2.9.1\proguard.txt
# Proguard rules specific to the smoothstreaming module.

# Constructors accessed via reflection in SegmentDownloadAction
-dontnote com.google.android.exoplayer2.source.smoothstreaming.offline.SsDownloadAction
-keepclassmembers class com.google.android.exoplayer2.source.smoothstreaming.offline.SsDownloadAction {
  static ** DESERIALIZER;
}

# End of content from transformed\exoplayer-smoothstreaming-2.9.1\proguard.txt
# The proguard configuration file for the following section is transformed\exoplayer-core-2.9.1\proguard.txt
# Proguard rules specific to the core module.

# Constructors accessed via reflection in DefaultRenderersFactory
-dontnote com.google.android.exoplayer2.ext.vp9.LibvpxVideoRenderer
-keepclassmembers class com.google.android.exoplayer2.ext.vp9.LibvpxVideoRenderer {
  <init>(boolean, long, android.os.Handler, com.google.android.exoplayer2.video.VideoRendererEventListener, int);
}
-dontnote com.google.android.exoplayer2.ext.opus.LibopusAudioRenderer
-keepclassmembers class com.google.android.exoplayer2.ext.opus.LibopusAudioRenderer {
  <init>(android.os.Handler, com.google.android.exoplayer2.audio.AudioRendererEventListener, com.google.android.exoplayer2.audio.AudioProcessor[]);
}
-dontnote com.google.android.exoplayer2.ext.flac.LibflacAudioRenderer
-keepclassmembers class com.google.android.exoplayer2.ext.flac.LibflacAudioRenderer {
  <init>(android.os.Handler, com.google.android.exoplayer2.audio.AudioRendererEventListener, com.google.android.exoplayer2.audio.AudioProcessor[]);
}
-dontnote com.google.android.exoplayer2.ext.ffmpeg.FfmpegAudioRenderer
-keepclassmembers class com.google.android.exoplayer2.ext.ffmpeg.FfmpegAudioRenderer {
  <init>(android.os.Handler, com.google.android.exoplayer2.audio.AudioRendererEventListener, com.google.android.exoplayer2.audio.AudioProcessor[]);
}

# Constructors accessed via reflection in DefaultExtractorsFactory
-dontnote com.google.android.exoplayer2.ext.flac.FlacExtractor
-keepclassmembers class com.google.android.exoplayer2.ext.flac.FlacExtractor {
  <init>();
}

# Constructors accessed via reflection in DefaultDataSource
-dontnote com.google.android.exoplayer2.ext.rtmp.RtmpDataSource
-keepclassmembers class com.google.android.exoplayer2.ext.rtmp.RtmpDataSource {
  <init>();
}

# Constructors accessed via reflection in DownloadAction
-dontnote com.google.android.exoplayer2.source.dash.offline.DashDownloadAction
-dontnote com.google.android.exoplayer2.source.hls.offline.HlsDownloadAction
-dontnote com.google.android.exoplayer2.source.smoothstreaming.offline.SsDownloadAction

# Don't warn about checkerframework
-dontwarn org.checkerframework.**

# End of content from transformed\exoplayer-core-2.9.1\proguard.txt
# The proguard configuration file for the following section is transformed\support-media-compat-28.0.0\proguard.txt
# Copyright (C) 2017 The Android Open Source Project
#
# Licensed under the Apache License, Version 2.0 (the "License");
# you may not use this file except in compliance with the License.
# You may obtain a copy of the License at
#
#      http://www.apache.org/licenses/LICENSE-2.0
#
# Unless required by applicable law or agreed to in writing, software
# distributed under the License is distributed on an "AS IS" BASIS,
# WITHOUT WARRANTIES OR CONDITIONS OF ANY KIND, either express or implied.
# See the License for the specific language governing permissions and
# limitations under the License.

# Prevent Parcelable objects from being removed or renamed.
-keep class android.support.v4.media.** implements android.os.Parcelable {
    public static final android.os.Parcelable$Creator *;
}

# Prevent Parcelable objects from being removed or renamed.
-keep class android.support.mediacompat.** implements android.os.Parcelable {
    public static final android.os.Parcelable$Creator *;
}
-keep class android.support.v4.media.Audio* implements android.os.Parcelable {
    public static final android.os.Parcelable$Creator *;
}
-keep class android.support.v4.media.MediaBrowserCompatUtils* implements android.os.Parcelable {
    public static final android.os.Parcelable$Creator *;
}
-keep class android.support.v4.media.MediaBrowserProtocol* implements android.os.Parcelable {
    public static final android.os.Parcelable$Creator *;
}
-keep class android.support.v4.media.MediaBrowserService* implements android.os.Parcelable {
    public static final android.os.Parcelable$Creator *;
}
-keep class android.support.v4.media.Volume* implements android.os.Parcelable {
    public static final android.os.Parcelable$Creator *;
}
-keep class android.support.v4.media.app.** implements android.os.Parcelable {
    public static final android.os.Parcelable$Creator *;
}
-keep class android.support.v4.media.session.MediaButton* implements android.os.Parcelable {
    public static final android.os.Parcelable$Creator *;
}
# End of content from transformed\support-media-compat-28.0.0\proguard.txt
# The proguard configuration file for the following section is transformed\coordinatorlayout-28.0.0\proguard.txt
# Copyright (C) 2016 The Android Open Source Project
#
# Licensed under the Apache License, Version 2.0 (the "License");
# you may not use this file except in compliance with the License.
# You may obtain a copy of the License at
#
#      http://www.apache.org/licenses/LICENSE-2.0
#
# Unless required by applicable law or agreed to in writing, software
# distributed under the License is distributed on an "AS IS" BASIS,
# WITHOUT WARRANTIES OR CONDITIONS OF ANY KIND, either express or implied.
# See the License for the specific language governing permissions and
# limitations under the License.

# CoordinatorLayout resolves the behaviors of its child components with reflection.
-keep public class * extends android.support.design.widget.CoordinatorLayout$Behavior {
    public <init>(android.content.Context, android.util.AttributeSet);
    public <init>();
}