SMTVCESHI/app/build/outputs/mapping/release/seeds.txt
com.shenma.tvlauncher.BaseActivity$AutoStartReceiver
com.shenma.tvlauncher.domain.Recommend
com.shenma.tvlauncher.SettingWallpaperActivity
com.shenma.tvlauncher.vod.VideoPlayerActivity
com.shenma.tvlauncher.view.cornerlabelview.CornerLabelView
com.shenma.tvlauncher.vod.domain.VideoInfo$1
com.shenma.tvlauncher.utils.Constant
com.shenma.tvlauncher.vod.domain.RequestVo
com.shenma.tvlauncher.domain.RecommendInfo
com.shenma.tvlauncher.domain.RecAppInfo
com.shenma.tvlauncher.view.shapeimageview.mask.PorterShapeImageView
com.shenma.tvlauncher.OtherActivity
com.shenma.tvlauncher.vod.VodDetailsActivity
com.shenma.tvlauncher.BaseActivity
com.shenma.tvlauncher.vod.domain.VodFilterInfo
com.shenma.tvlauncher.domain.GongGao$Notice
com.shenma.tvlauncher.view.MyService
com.shenma.tvlauncher.application.MyApplication
com.shenma.tvlauncher.Api
com.shenma.tvlauncher.SettingInvActivity
com.shenma.tvlauncher.view.PlayerProgressBar
com.shenma.tvlauncher.vod.domain.AboutInfo
com.shenma.tvlauncher.utils.Rf
com.shenma.tvlauncher.view.VideoView
com.shenma.tvlauncher.view.shapeimageview.mask.PorterImageView
com.shenma.tvlauncher.tvback.domain.ChannelDateInfo
com.shenma.tvlauncher.domain.UpdateInfo
com.shenma.tvlauncher.SettingRemoteActivity
com.shenma.tvlauncher.domain.RecApp
com.shenma.tvlauncher.tvback.domain.ChannelInfo
com.shenma.tvlauncher.view.shapeimageview.StarImageView
com.shenma.tvlauncher.ClearActivity
com.shenma.tvlauncher.domain.Topic
com.shenma.tvlauncher.vod.domain.MediaInfo
com.shenma.tvlauncher.view.shapeimageview.CircularImageView
com.shenma.tvlauncher.view.shapeimageview.ShaderImageView
com.shenma.tvlauncher.vod.domain.UpdateInfo
com.shenma.tvlauncher.vod.db.Album$1
com.shenma.tvlauncher.EmpowerActivity
com.shenma.tvlauncher.domain.Update
com.shenma.tvlauncher.HomeActivity
com.shenma.tvlauncher.tvlive.TVLivePlayer
com.shenma.tvlauncher.SplashActivity
com.shenma.tvlauncher.vod.SearchActivity
com.shenma.tvlauncher.vod.domain.VodFilter
com.shenma.tvlauncher.tvback.domain.ProgramInfo
com.shenma.tvlauncher.view.JSONService
com.shenma.tvlauncher.tvback.domain.UpdateInfo
com.shenma.tvlauncher.vod.domain.VodUrlList
com.shenma.tvlauncher.HistoryActivity
com.shenma.tvlauncher.view.smoothprogressbar.ContentLoadingSmoothProgressBar
com.shenma.tvlauncher.view.shapeimageview.RoundedImageView
com.shenma.tvlauncher.view.AutoScrollTextView
com.shenma.tvlauncher.vod.db.Album
com.shenma.tvlauncher.view.shapeimageview.PentagonImageView
com.shenma.tvlauncher.view.AutoScrollTextView$SavedState
com.shenma.tvlauncher.utils.IO
com.shenma.tvlauncher.vod.domain.VideoInfo
com.shenma.tvlauncher.AppManageActivity
com.shenma.tvlauncher.view.MyServices
com.shenma.tvlauncher.UserActivity
com.shenma.tvlauncher.domain.MovieClassify
com.shenma.tvlauncher.vod.domain.VodDataInfo
com.shenma.tvlauncher.view.shapeimageview.ShapeImageView
com.shenma.tvlauncher.vod.LivePlayerActivity
com.shenma.tvlauncher.view.shapeimageview.BubbleImageView
com.shenma.tvlauncher.dao.bean.AppInfo
com.shenma.tvlauncher.domain.TVStationInfo
com.shenma.tvlauncher.view.shapeimageview.mask.PorterCircularImageView
com.shenma.tvlauncher.tvback.domain.MediaInfo
com.shenma.tvlauncher.vod.domain.VodUrl$1
com.shenma.tvlauncher.domain.Wallpaper
com.shenma.tvlauncher.view.shapeimageview.DiamondImageView
com.shenma.tvlauncher.AboutActivity
com.shenma.tvlauncher.view.CardView.CardView
com.shenma.tvlauncher.domain.TopicInfo
com.shenma.tvlauncher.domain.MovieInfo
com.shenma.tvlauncher.tvback.TVBackActivity
com.shenma.tvlauncher.vod.domain.VodUrl
com.shenma.tvlauncher.domain.TVStation
com.shenma.tvlauncher.utils.Md5Encoder
com.shenma.tvlauncher.domain.GongGao
com.shenma.tvlauncher.domain.WallpaperInfo
com.shenma.tvlauncher.SettingActActvity
com.shenma.tvlauncher.dao.bean.TVSCollect
com.shenma.tvlauncher.TvStationActivity
com.shenma.tvlauncher.TopicActivity
com.shenma.tvlauncher.domain.UserStatement
com.shenma.tvlauncher.view.AlwaysMarqueeTextView
com.shenma.tvlauncher.vod.domain.VodTypeInfo
...
tv.danmaku.ijk.media.player.AndroidMediaPlayer: void prepareAsync()
com.bumptech.glide.disklrucache.StrictLineReader: void fillBuf()
android.support.v7.app.ActionBarDrawerToggle: void onDrawerSlide(android.view.View,float)
android.support.v4.view.ViewCompat: boolean hasExplicitFocusable(android.view.View)
android.support.v7.app.ActionBarActivityDelegate: android.support.v7.view.ActionMode startSupportActionMode(android.support.v7.view.ActionMode$Callback)
com.baidu.cyberplayer.utils.bw: boolean f()
com.baidu.cyberplayer.core.BVideoView: void setMediaController(com.baidu.cyberplayer.core.BMediaController)
com.bumptech.glide.load.resource.file.StreamFileDataLoadProvider: com.bumptech.glide.load.ResourceDecoder getSourceDecoder()
android.support.v4.view.ViewPager$LayoutParams: ViewPager$LayoutParams(android.content.Context,android.util.AttributeSet)
com.bumptech.glide.manager.RequestTracker: RequestTracker()
com.baidu.cyberplayer.dlna.a: com.baidu.cyberplayer.utils.bh a(com.baidu.cyberplayer.dlna.a)
com.nostra13.universalimageloader.core.assist.deque.LinkedBlockingDeque: boolean offerFirst(java.lang.Object,long,java.util.concurrent.TimeUnit)
android.support.v4.app.NotificationCompat$WearableExtender: android.support.v4.app.NotificationCompat$WearableExtender setHintScreenTimeout(int)
tv.danmaku.ijk.media.example.widget.media.IjkVideoView: int getBufferPercentage()
okhttp3.CacheControl: CacheControl(okhttp3.CacheControl$Builder)
android.support.v4.print.PrintHelper$1: java.lang.Throwable doInBackground(java.lang.Void[])
com.baidu.cyberplayer.utils.aa: com.baidu.cyberplayer.utils.ad a()
okhttp3.internal.http.HttpDate: java.util.Date parse(java.lang.String)
okhttp3.internal.framed.m$b: void a(java.util.List)
com.bumptech.glide.load.engine.bitmap_recycle.AttributeStrategy$Key: java.lang.String toString()
com.aliyun.player.IPlayer: void setVolume(float)
com.aliyun.player.nativeclass.DisplayViewHelper: void init()
android.support.v7.widget.SwitchCompat: void stopDrag(android.view.MotionEvent)
com.baidu.cyberplayer.core.a: com.baidu.cyberplayer.core.a$k a(com.baidu.cyberplayer.core.a)
android.support.v4.media.session.IMediaSession: int getRatingType()
android.support.design.widget.CoordinatorLayout: void setInsetOffsetX(android.view.View,int)
net.tsz.afinal.FinalBitmap: void access$6(net.tsz.afinal.FinalBitmap,java.lang.String)
android.support.v4.app.DialogFragment: boolean isCancelable()
android.support.v4.util.ArraySet: boolean retainAll(java.util.Collection)
com.baidu.cyberplayer.utils.be: boolean a(com.baidu.cyberplayer.utils.af)
com.baidu.cyberplayer.utils.cf: void b()
com.aliyun.player.nativeclass.NativePlayerBase: void nSetMute(boolean)
com.baidu.cyberplayer.dlna.c: void c()
com.aliyun.player.nativeclass.NativePlayerBase$22: void run()
com.bumptech.glide.manager.RequestManagerFragment: void onTrimMemory(int)
android.support.v4.media.session.MediaSessionCompat$MediaSessionImplBase: java.lang.String getCallingPackage()
com.bumptech.glide.load.model.stream.StreamFileLoader: StreamFileLoader(com.bumptech.glide.load.model.ModelLoader)
com.umeng.analytics.b.m: m()
com.baidu.cyberplayer.dlna.c: void b(com.baidu.cyberplayer.dlna.c)
android.support.v7.internal.widget.ActionBarOverlayLayout: void access$300(android.support.v7.internal.widget.ActionBarOverlayLayout)
com.baidu.cyberplayer.utils.T: com.baidu.cyberplayer.utils.cj b()
com.umeng.analytics.onlineconfig.b: b(org.json.JSONObject)
android.support.v4.media.session.MediaControllerCompat$TransportControls: void skipToQueueItem(long)
android.support.v4.media.session.MediaSessionCompat$QueueItem: java.lang.Object getQueueItem()
android.support.v4.media.MediaBrowserCompat$MediaBrowserImplApi21: void onConnected()
net.tsz.afinal.db.sqlite.SqlBuilder: java.lang.String getPropertyStrSql(java.lang.String,java.lang.Object)