SMTVCESHI/app/build/outputs/mapping/release/mapping.txt
# compiler: R8
# compiler_version: 3.0.62
# min_api: 18
# pg_map_id: e18ee3d
# common_typos_disable
com.shenma.tvlauncher.AboutActivity -> com.shenma.tvlauncher.AboutActivity:
    android.os.Handler mediaHandler -> O〇〇〇o
    com.android.volley.RequestQueue mQueue -> Oo
    java.lang.String BASE_HOST -> 〇O8O00oo〇
    java.lang.String url -> O〇o8ooOo〇
    android.widget.ImageView about -> o0o8〇
    java.lang.String Api_url -> 〇8〇0
    void GetAbout() -> Oo0
    void GetAboutResponse(java.lang.String) -> l丨Li1LL
    void loadImg() -> 〇00oOOo
    void access$000(com.shenma.tvlauncher.AboutActivity) -> 〇O
    void findViewById() -> 〇o〇0O〇0O
    void initData() -> 〇〇
com.shenma.tvlauncher.AboutActivity$1 -> com.shenma.tvlauncher.AboutActivity$O8〇oO8〇o8:
    com.shenma.tvlauncher.AboutActivity this$0 -> O8〇oO8〇o8
com.shenma.tvlauncher.AboutActivity$2 -> com.shenma.tvlauncher.AboutActivity$IL1Iii:
    com.shenma.tvlauncher.AboutActivity this$0 -> O8〇oO8〇o8
    void onResponse(java.lang.String) -> O8〇oO8〇o8
com.shenma.tvlauncher.AboutActivity$3 -> com.shenma.tvlauncher.AboutActivity$〇Ooo:
com.shenma.tvlauncher.AboutActivity$4 -> com.shenma.tvlauncher.AboutActivity$ILil:
    com.shenma.tvlauncher.AboutActivity this$0 -> O8〇oO8〇o8
com.shenma.tvlauncher.Api -> com.shenma.tvlauncher.Api:
    java.lang.String MIAN_URL -> IL1Iii
    java.lang.String APPID -> 〇Ooo
    java.lang.String COS_MIAN_URL -> O8〇oO8〇o8
com.shenma.tvlauncher.AppManageActivity -> com.shenma.tvlauncher.AppManageActivity:
    android.widget.GridView my_app_manage_gv -> Oo
    android.os.Handler mHandler -> 〇O〇
    android.widget.PopupWindow menupopupWindow -> 〇8〇0
    android.content.BroadcastReceiver mAppUninstallReceiver -> O〇0O8Oo
    java.util.List sysapplst -> O〇o8ooOo〇
    android.widget.LinearLayout my_app_layout -> o〇0〇8o〇
    android.widget.ListView menulist -> O〇〇〇o
    java.util.List applist -> o0o8〇
    android.widget.ImageView whiteBorder -> 〇oO00O
    java.lang.String lastFocusPkgName -> 〇O8O00oo〇
    int isVis -> O〇8O08OOo
    int mIndex -> o8o0
    com.shenma.tvlauncher.db.DatabaseOperator dbtools -> OoO08o
    java.lang.String access$300(com.shenma.tvlauncher.AppManageActivity) -> OO〇8
    void access$600(com.shenma.tvlauncher.AppManageActivity) -> Oo
    android.widget.GridView access$000(com.shenma.tvlauncher.AppManageActivity) -> Oo0
    void initData() -> OoO08o
    void initView() -> O〇0O8Oo
    int access$502(com.shenma.tvlauncher.AppManageActivity,int) -> O〇80Oo0O
    void onCreateMenu() -> O〇8O08OOo
    android.widget.PopupWindow access$800(com.shenma.tvlauncher.AppManageActivity) -> O〇o8ooOo〇
    com.shenma.tvlauncher.db.DatabaseOperator access$900(com.shenma.tvlauncher.AppManageActivity) -> O〇〇〇o
    java.lang.String access$302(com.shenma.tvlauncher.AppManageActivity,java.lang.String) -> ll丨L1ii
    void access$100(com.shenma.tvlauncher.AppManageActivity) -> l丨Li1LL
com.shenma.tvlauncher.AppManageActivity$1 -> com.shenma.tvlauncher.AppManageActivity$O8〇oO8〇o8:
    com.shenma.tvlauncher.AppManageActivity this$0 -> O8〇oO8〇o8
com.shenma.tvlauncher.AppManageActivity$2 -> com.shenma.tvlauncher.AppManageActivity$IL1Iii:
    com.shenma.tvlauncher.AppManageActivity this$0 -> O8〇oO8〇o8
com.shenma.tvlauncher.AppManageActivity$3 -> com.shenma.tvlauncher.AppManageActivity$〇Ooo:
    com.shenma.tvlauncher.AppManageActivity this$0 -> O8〇oO8〇o8
com.shenma.tvlauncher.AppManageActivity$4 -> com.shenma.tvlauncher.AppManageActivity$ILil:
    com.shenma.tvlauncher.AppManageActivity this$0 -> O8〇oO8〇o8
com.shenma.tvlauncher.AppManageActivity$5 -> com.shenma.tvlauncher.AppManageActivity$〇O8:
    com.shenma.tvlauncher.AppManageActivity this$0 -> O8〇oO8〇o8
com.shenma.tvlauncher.AppManageActivity$6 -> com.shenma.tvlauncher.AppManageActivity$I1I:
    com.shenma.tvlauncher.AppManageActivity this$0 -> O8〇oO8〇o8
com.shenma.tvlauncher.AppManageActivity$AppAdapter -> com.shenma.tvlauncher.AppManageActivity$〇o0〇o0:
    com.shenma.tvlauncher.AppManageActivity$ViewHolder viewHolder -> O8〇oO8〇o8
    com.shenma.tvlauncher.AppManageActivity this$0 -> IL1Iii
...
com.google.android.exoplayer2.metadata.id3.ChapterFrame -> com.google.android.exoplayer2.metadata.id3.ChapterFrame:
    java.lang.String chapterId -> IL1Iii
    int endTimeMs -> ILil
    long startOffset -> 〇O8
    int startTimeMs -> 〇Ooo
    com.google.android.exoplayer2.metadata.id3.Id3Frame[] subFrames -> 〇o0〇o0
    long endOffset -> I1I
com.google.android.exoplayer2.metadata.id3.ChapterFrame$1 -> com.google.android.exoplayer2.metadata.id3.ChapterFrame$O8〇oO8〇o8:
    com.google.android.exoplayer2.metadata.id3.ChapterFrame[] newArray(int) -> IL1Iii
    com.google.android.exoplayer2.metadata.id3.ChapterFrame createFromParcel(android.os.Parcel) -> O8〇oO8〇o8
com.google.android.exoplayer2.metadata.id3.ChapterTocFrame -> com.google.android.exoplayer2.metadata.id3.ChapterTocFrame:
    java.lang.String elementId -> IL1Iii
    boolean isOrdered -> ILil
    java.lang.String[] children -> 〇O8
    boolean isRoot -> 〇Ooo
    com.google.android.exoplayer2.metadata.id3.Id3Frame[] subFrames -> I1I
com.google.android.exoplayer2.metadata.id3.ChapterTocFrame$1 -> com.google.android.exoplayer2.metadata.id3.ChapterTocFrame$O8〇oO8〇o8:
    com.google.android.exoplayer2.metadata.id3.ChapterTocFrame[] newArray(int) -> IL1Iii
    com.google.android.exoplayer2.metadata.id3.ChapterTocFrame createFromParcel(android.os.Parcel) -> O8〇oO8〇o8
com.google.android.exoplayer2.metadata.id3.CommentFrame -> com.google.android.exoplayer2.metadata.id3.CommentFrame:
    java.lang.String language -> IL1Iii
    java.lang.String description -> 〇Ooo
    java.lang.String text -> ILil
com.google.android.exoplayer2.metadata.id3.CommentFrame$1 -> com.google.android.exoplayer2.metadata.id3.CommentFrame$O8〇oO8〇o8:
    com.google.android.exoplayer2.metadata.id3.CommentFrame[] newArray(int) -> IL1Iii
    com.google.android.exoplayer2.metadata.id3.CommentFrame createFromParcel(android.os.Parcel) -> O8〇oO8〇o8
com.google.android.exoplayer2.metadata.id3.GeobFrame -> com.google.android.exoplayer2.metadata.id3.GeobFrame:
    java.lang.String mimeType -> IL1Iii
    java.lang.String filename -> 〇Ooo
    java.lang.String description -> ILil
    byte[] data -> 〇O8
com.google.android.exoplayer2.metadata.id3.GeobFrame$1 -> com.google.android.exoplayer2.metadata.id3.GeobFrame$O8〇oO8〇o8:
    com.google.android.exoplayer2.metadata.id3.GeobFrame[] newArray(int) -> IL1Iii
    com.google.android.exoplayer2.metadata.id3.GeobFrame createFromParcel(android.os.Parcel) -> O8〇oO8〇o8
com.google.android.exoplayer2.metadata.id3.Id3Decoder -> Oo.O8〇oO8〇o8:
    com.google.android.exoplayer2.metadata.id3.Id3Decoder$FramePredicate framePredicate -> O8〇oO8〇o8
    int ID3_TAG -> IL1Iii
    com.google.android.exoplayer2.metadata.id3.ChapterFrame decodeChapterFrame(com.google.android.exoplayer2.util.ParsableByteArray,int,int,boolean,int,com.google.android.exoplayer2.metadata.id3.Id3Decoder$FramePredicate) -> I1I
    byte[] copyOfRangeIfValid(byte[],int,int) -> IL1Iii
    com.google.android.exoplayer2.metadata.id3.ApicFrame decodeApicFrame(com.google.android.exoplayer2.util.ParsableByteArray,int,int) -> ILil
    com.google.android.exoplayer2.metadata.id3.CommentFrame decodeCommentFrame(com.google.android.exoplayer2.util.ParsableByteArray,int) -> I丨L
    com.google.android.exoplayer2.metadata.Metadata decode(com.google.android.exoplayer2.metadata.MetadataInputBuffer) -> O8〇oO8〇o8
    com.google.android.exoplayer2.metadata.id3.TextInformationFrame decodeTxxxFrame(com.google.android.exoplayer2.util.ParsableByteArray,int) -> OO〇8
    java.lang.String getFrameId(int,int,int,int,int) -> Oo
    com.google.android.exoplayer2.metadata.id3.GeobFrame decodeGeobFrame(com.google.android.exoplayer2.util.ParsableByteArray,int) -> Oo0
    java.lang.String getCharsetName(int) -> O〇80Oo0O
    int indexOfZeroByte(byte[],int) -> O〇o8ooOo〇
    int removeUnsynchronization(com.google.android.exoplayer2.util.ParsableByteArray,int) -> O〇〇〇o