SMTVCESHI/app/build/outputs/mapping/release/usage.txt
com.shenma.tvlauncher.AboutActivity:
    protected void initView()
    protected void loadViewLayout()
    protected void setListener()
com.shenma.tvlauncher.AppManageActivity:
    private static final int ADD_TO_FAV
    private static final int REMOVE_FROM_FAV
    private static final java.lang.String TAG
    protected void loadViewLayout()
com.shenma.tvlauncher.BaseActivity$2
com.shenma.tvlauncher.BaseActivity$3
com.shenma.tvlauncher.BaseActivity$6
com.shenma.tvlauncher.BaseActivity$7
com.shenma.tvlauncher.BaseActivity$9$1
com.shenma.tvlauncher.BaseActivity$9
com.shenma.tvlauncher.BaseActivity:
    private static final java.lang.String TAG
    protected abstract void findViewById()
    protected void handleFatalError()
    protected void handleOutmemoryError()
    protected abstract void initView()
    protected abstract void loadViewLayout()
    protected void openActivity(java.lang.Class)
    protected void openActivity(java.lang.String)
    protected void openActivity(java.lang.String,android.os.Bundle)
    protected abstract void setListener()
    protected void showExitDialog()
    private void showVolumeToast(int,int,int)
    public void startA(int)
com.shenma.tvlauncher.BuildConfig
com.shenma.tvlauncher.ClearActivity:
    private android.widget.RelativeLayout clear_setting_theme
    protected void loadViewLayout()
com.shenma.tvlauncher.EmpowerActivity:
    protected void loadViewLayout()
    protected void setListener()
com.shenma.tvlauncher.HistoryActivity:
    private android.widget.TextView type_details_sum
com.shenma.tvlauncher.HomeActivity$UiID
com.shenma.tvlauncher.HomeActivity$WindowMessageID
com.shenma.tvlauncher.HomeActivity:
    public com.android.volley.RequestQueue RequestQueue
    private java.lang.String categorypwd
    private java.lang.Boolean isHasFouse
    android.widget.RelativeLayout iv_jilu
    private android.widget.RadioButton rb_bm_tvplay
    private com.shenma.tvlauncher.fragment.TVFragment tf
    public void LoginResponse(java.lang.String)
    public static int dp2px(float)
    private void initTitle(int)
com.shenma.tvlauncher.HttpRequest$1
com.shenma.tvlauncher.HttpRequest
com.shenma.tvlauncher.OtherActivity:
    private android.widget.RelativeLayout other_setting_tvlive_rl
    protected void loadViewLayout()
com.shenma.tvlauncher.R$anim
com.shenma.tvlauncher.R$array
com.shenma.tvlauncher.R$attr
com.shenma.tvlauncher.R$bool
com.shenma.tvlauncher.R$color
com.shenma.tvlauncher.R$dimen
com.shenma.tvlauncher.R$drawable
com.shenma.tvlauncher.R$id
com.shenma.tvlauncher.R$integer
com.shenma.tvlauncher.R$layout
com.shenma.tvlauncher.R$menu
com.shenma.tvlauncher.R$mipmap
com.shenma.tvlauncher.R$raw
com.shenma.tvlauncher.R$string
com.shenma.tvlauncher.R$style
...
com.google.android.exoplayer2.ControlDispatcher:
    public abstract boolean dispatchStop(com.google.android.exoplayer2.Player,boolean)
com.google.android.exoplayer2.DefaultControlDispatcher:
    public boolean dispatchStop(com.google.android.exoplayer2.Player,boolean)
com.google.android.exoplayer2.DefaultLoadControl$Builder
com.google.android.exoplayer2.DefaultLoadControl:
    public static final int DEFAULT_BACK_BUFFER_DURATION_MS
    public static final int DEFAULT_BUFFER_FOR_PLAYBACK_AFTER_REBUFFER_MS
    public static final int DEFAULT_BUFFER_FOR_PLAYBACK_MS
    public static final int DEFAULT_MAX_BUFFER_MS
    public static final int DEFAULT_MIN_BUFFER_MS
    public static final boolean DEFAULT_PRIORITIZE_TIME_OVER_SIZE_THRESHOLDS
    public static final boolean DEFAULT_RETAIN_BACK_BUFFER_FROM_KEYFRAME
    public static final int DEFAULT_TARGET_BUFFER_BYTES
com.google.android.exoplayer2.DefaultRenderersFactory$ExtensionRendererMode
com.google.android.exoplayer2.DefaultRenderersFactory:
    public static final long DEFAULT_ALLOWED_VIDEO_JOINING_TIME_MS
    public static final int EXTENSION_RENDERER_MODE_OFF
    public static final int EXTENSION_RENDERER_MODE_ON
    public static final int EXTENSION_RENDERER_MODE_PREFER
    protected static final int MAX_DROPPED_VIDEO_FRAME_COUNT_TO_NOTIFY
    private static final java.lang.String TAG
    public void <init>(android.content.Context)
    public void <init>(android.content.Context,com.google.android.exoplayer2.drm.DrmSessionManager)
    public void <init>(android.content.Context,com.google.android.exoplayer2.drm.DrmSessionManager,int)
    public void <init>(android.content.Context,com.google.android.exoplayer2.drm.DrmSessionManager,int,long)
com.google.android.exoplayer2.ExoPlaybackException$Type
com.google.android.exoplayer2.ExoPlaybackException:
    public static final int TYPE_RENDERER
    public static final int TYPE_SOURCE
    public static final int TYPE_UNEXPECTED
    public java.lang.Exception getRendererException()
    public java.io.IOException getSourceException()
    public java.lang.RuntimeException getUnexpectedException()
com.google.android.exoplayer2.ExoPlayer$EventListener
com.google.android.exoplayer2.ExoPlayer$ExoPlayerComponent
com.google.android.exoplayer2.ExoPlayer$ExoPlayerMessage
com.google.android.exoplayer2.ExoPlayer:
    public static final int REPEAT_MODE_ALL
    public static final int REPEAT_MODE_OFF
    public static final int REPEAT_MODE_ONE
    public static final int STATE_BUFFERING
    public static final int STATE_ENDED
    public static final int STATE_IDLE
    public static final int STATE_READY
    public varargs abstract void blockingSendMessages(com.google.android.exoplayer2.ExoPlayer$ExoPlayerMessage[])
    public abstract com.google.android.exoplayer2.PlayerMessage createMessage(com.google.android.exoplayer2.PlayerMessage$Target)
    public abstract android.os.Looper getPlaybackLooper()
    public abstract com.google.android.exoplayer2.SeekParameters getSeekParameters()
    public abstract void prepare(com.google.android.exoplayer2.source.MediaSource)
    public abstract void prepare(com.google.android.exoplayer2.source.MediaSource,boolean,boolean)
    public abstract void retry()
    public varargs abstract void sendMessages(com.google.android.exoplayer2.ExoPlayer$ExoPlayerMessage[])
    public abstract void setSeekParameters(com.google.android.exoplayer2.SeekParameters)